# JRE version: OpenJDK Runtime Environment (11.0.10) (build 11.0.10+0-b96-7249189)
# Java VM: OpenJDK 64-Bit Server VM (11.0.10+0-b96-7249189, mixed mode, tiered, compressed oops, g1 gc, windows-amd64)
Heap:
 garbage-first heap   total 427008K, used 173975K [0x0000000080000000, 0x0000000100000000)
  region size 1024K, 38 young (38912K), 4 survivors (4096K)
 Metaspace       used 144119K, capacity 147875K, committed 149120K, reserved 1179648K
  class space    used 17816K, capacity 19239K, committed 19584K, reserved 1048576K
GC Heap History (20 events):
Event: 3696.003 GC heap before
{Heap before GC invocations=59 (full 0):
 garbage-first heap   total 357376K, used 250449K [0x0000000080000000, 0x0000000100000000)
  region size 1024K, 73 young (74752K), 3 survivors (3072K)
 Metaspace       used 142850K, capacity 146530K, committed 149120K, reserved 1179648K
  class space    used 17759K, capacity 19153K, committed 19584K, reserved 1048576K
}
Event: 3696.041 GC heap after
{Heap after GC invocations=60 (full 0):
 garbage-first heap   total 357376K, used 185984K [0x0000000080000000, 0x0000000100000000)
  region size 1024K, 10 young (10240K), 10 survivors (10240K)
 Metaspace       used 142850K, capacity 146530K, committed 149120K, reserved 1179648K
  class space    used 17759K, capacity 19153K, committed 19584K, reserved 1048576K
}
Event: 3696.053 GC heap before
{Heap before GC invocations=60 (full 0):
 garbage-first heap   total 357376K, used 192128K [0x0000000080000000, 0x0000000100000000)
  region size 1024K, 17 young (17408K), 10 survivors (10240K)
 Metaspace       used 142850K, capacity 146530K, committed 149120K, reserved 1179648K
  class space    used 17759K, capacity 19153K, committed 19584K, reserved 1048576K
}
Event: 3696.100 GC heap after
{Heap after GC invocations=61 (full 0):
 garbage-first heap   total 357376K, used 170904K [0x0000000080000000, 0x0000000100000000)
  region size 1024K, 2 young (2048K), 2 survivors (2048K)
 Metaspace       used 142850K, capacity 146530K, committed 149120K, reserved 1179648K
  class space    used 17759K, capacity 19153K, committed 19584K, reserved 1048576K
}
Event: 3696.170 GC heap before
{Heap before GC invocations=61 (full 0):
 garbage-first heap   total 357376K, used 187288K [0x0000000080000000, 0x0000000100000000)
  region size 1024K, 18 young (18432K), 2 survivors (2048K)
 Metaspace       used 142850K, capacity 146530K, committed 149120K, reserved 1179648K
  class space    used 17759K, capacity 19153K, committed 19584K, reserved 1048576K
}
Event: 3696.184 GC heap after
{Heap after GC invocations=62 (full 0):
 garbage-first heap   total 357376K, used 174294K [0x0000000080000000, 0x0000000100000000)
  region size 1024K, 5 young (5120K), 5 survivors (5120K)
 Metaspace       used 142850K, capacity 146530K, committed 149120K, reserved 1179648K
  class space    used 17759K, capacity 19153K, committed 19584K, reserved 1048576K
}
Event: 3697.638 GC heap before
{Heap before GC invocations=63 (full 0):
 garbage-first heap   total 357376K, used 251094K [0x0000000080000000, 0x0000000100000000)
  region size 1024K, 76 young (77824K), 5 survivors (5120K)
 Metaspace       used 142886K, capacity 146594K, committed 149120K, reserved 1179648K
  class space    used 17759K, capacity 19153K, committed 19584K, reserved 1048576K
}
Event: 3697.647 GC heap after
{Heap after GC invocations=64 (full 0):
 garbage-first heap   total 357376K, used 172283K [0x0000000080000000, 0x0000000100000000)
  region size 1024K, 4 young (4096K), 4 survivors (4096K)
 Metaspace       used 142886K, capacity 146594K, committed 149120K, reserved 1179648K
  class space    used 17759K, capacity 19153K, committed 19584K, reserved 1048576K
}
Event: 3697.947 GC heap before
{Heap before GC invocations=64 (full 0):
 garbage-first heap   total 357376K, used 186619K [0x0000000080000000, 0x0000000100000000)
  region size 1024K, 17 young (17408K), 4 survivors (4096K)
 Metaspace       used 142984K, capacity 146735K, committed 149120K, reserved 1179648K
  class space    used 17762K, capacity 19157K, committed 19584K, reserved 1048576K
}
Event: 3697.967 GC heap after
{Heap after GC invocations=65 (full 0):
 garbage-first heap   total 357376K, used 173322K [0x0000000080000000, 0x0000000100000000)
  region size 1024K, 3 young (3072K), 3 survivors (3072K)
 Metaspace       used 142984K, capacity 146735K, committed 149120K, reserved 1179648K
  class space    used 17762K, capacity 19157K, committed 19584K, reserved 1048576K
}
Event: 3698.863 GC heap before
{Heap before GC invocations=65 (full 0):
 garbage-first heap   total 357376K, used 254218K [0x0000000080000000, 0x0000000100000000)
  region size 1024K, 81 young (82944K), 3 survivors (3072K)
 Metaspace       used 143514K, capacity 147149K, committed 149120K, reserved 1179648K
  class space    used 17762K, capacity 19157K, committed 19584K, reserved 1048576K
}
Event: 3698.883 GC heap after
{Heap after GC invocations=66 (full 0):
 garbage-first heap   total 357376K, used 180630K [0x0000000080000000, 0x0000000100000000)
  region size 1024K, 11 young (11264K), 11 survivors (11264K)
 Metaspace       used 143514K, capacity 147149K, committed 149120K, reserved 1179648K
  class space    used 17762K, capacity 19157K, committed 19584K, reserved 1048576K
}
Event: 3698.971 GC heap before
{Heap before GC invocations=66 (full 0):
 garbage-first heap   total 357376K, used 187798K [0x0000000080000000, 0x0000000100000000)
  region size 1024K, 20 young (20480K), 11 survivors (11264K)
 Metaspace       used 143528K, capacity 147157K, committed 149120K, reserved 1179648K
  class space    used 17762K, capacity 19157K, committed 19584K, reserved 1048576K
}
Event: 3698.994 GC heap after
{Heap after GC invocations=67 (full 0):
 garbage-first heap   total 357376K, used 179876K [0x0000000080000000, 0x0000000100000000)
  region size 1024K, 3 young (3072K), 3 survivors (3072K)
 Metaspace       used 143528K, capacity 147157K, committed 149120K, reserved 1179648K
  class space    used 17762K, capacity 19157K, committed 19584K, reserved 1048576K
}
Event: 3725.191 GC heap before
{Heap before GC invocations=68 (full 0):
 garbage-first heap   total 357376K, used 243364K [0x0000000080000000, 0x0000000100000000)
  region size 1024K, 88 young (90112K), 3 survivors (3072K)
 Metaspace       used 143975K, capacity 147768K, committed 149120K, reserved 1179648K
  class space    used 17810K, capacity 19229K, committed 19584K, reserved 1048576K
}
Event: 3725.210 GC heap after
{Heap after GC invocations=69 (full 0):
 garbage-first heap   total 427008K, used 140496K [0x0000000080000000, 0x0000000100000000)
  region size 1024K, 5 young (5120K), 5 survivors (5120K)
 Metaspace       used 143975K, capacity 147768K, committed 149120K, reserved 1179648K
  class space    used 17810K, capacity 19229K, committed 19584K, reserved 1048576K
}
Event: 3726.744 GC heap before
{Heap before GC invocations=69 (full 0):
 garbage-first heap   total 427008K, used 154832K [0x0000000080000000, 0x0000000100000000)
  region size 1024K, 20 young (20480K), 5 survivors (5120K)
 Metaspace       used 144003K, capacity 147786K, committed 149120K, reserved 1179648K
  class space    used 17813K, capacity 19234K, committed 19584K, reserved 1048576K
}
Event: 3726.757 GC heap after
{Heap after GC invocations=70 (full 0):
 garbage-first heap   total 427008K, used 128285K [0x0000000080000000, 0x0000000100000000)
  region size 1024K, 3 young (3072K), 3 survivors (3072K)
 Metaspace       used 144003K, capacity 147786K, committed 149120K, reserved 1179648K
  class space    used 17813K, capacity 19234K, committed 19584K, reserved 1048576K
}
Event: 3727.154 GC heap before
{Heap before GC invocations=70 (full 0):
 garbage-first heap   total 427008K, used 174365K [0x0000000080000000, 0x0000000100000000)
  region size 1024K, 49 young (50176K), 3 survivors (3072K)
 Metaspace       used 144036K, capacity 147792K, committed 149120K, reserved 1179648K
  class space    used 17814K, capacity 19236K, committed 19584K, reserved 1048576K
}
Event: 3727.167 GC heap after
{Heap after GC invocations=71 (full 0):
 garbage-first heap   total 427008K, used 128919K [0x0000000080000000, 0x0000000100000000)
  region size 1024K, 4 young (4096K), 4 survivors (4096K)
 Metaspace       used 144036K, capacity 147792K, committed 149120K, reserved 1179648K
  class space    used 17814K, capacity 19236K, committed 19584K, reserved 1048576K
}

